-- The C compiler identification is GNU 5.3.1
-- The CXX compiler identification is GNU 5.3.1
-- Check for working C compiler: /usr/bin/cc
-- Check for working C compiler: /usr/bin/cc -- works
-- Detecting C compiler ABI info
-- Detecting C compiler ABI info - done
-- Detecting C compile features
-- Detecting C compile features - done
-- Check for working CXX compiler: /usr/bin/c++
-- Check for working CXX compiler: /usr/bin/c++ -- works
-- Detecting CXX compiler ABI info
-- Detecting CXX compiler ABI info - done
-- Detecting CXX compile features
-- Detecting CXX compile features - done
-- The ASM compiler identification is GNU
-- Found assembler: /usr/bin/cc
-- Found readline library
-- Looking for sys/types.h
-- Looking for sys/types.h - found
-- Looking for stdint.h
-- Looking for stdint.h - found
-- Looking for stddef.h
-- Looking for stddef.h - found
-- Check size of void*
-- Check size of void* - done
-- Looking for dlopen
-- Looking for dlopen - found
-- Looking for sin in m
-- Looking for sin in m - found
-- Looking for pthread.h
-- Looking for pthread.h - found
-- Looking for pthread_create
-- Looking for pthread_create - not found
-- Looking for pthread_create in pthreads
-- Looking for pthread_create in pthreads - not found
-- Looking for pthread_create in pthread
-- Looking for pthread_create in pthread - found
-- Found Threads: TRUE  
-- Performing Test LJ_TARGET_X64
-- Performing Test LJ_TARGET_X64 - Success
-- LuaJIT Target: x64
-- LuaJIT target x64
-- Performing Test LJ_ARCH_BITS_64
-- Performing Test LJ_ARCH_BITS_64 - Success
-- Performing Test LJ_HASJIT_1
-- Performing Test LJ_HASJIT_1 - Success
-- Performing Test LJ_HASFFI_1
-- Performing Test LJ_HASFFI_1 - Success
-- Performing Test LJ_DUALNUM_1
-- Performing Test LJ_DUALNUM_1 - Failed
-- Performing Test LJ_ARCH_HASFPU_1
-- Performing Test LJ_ARCH_HASFPU_1 - Success
-- Performing Test LJ_ABI_SOFTFP_1
-- Performing Test LJ_ABI_SOFTFP_1 - Failed
-- Looking for sin in m
-- Looking for sin in m - found
-- Found Wget: /usr/bin/wget  
-- Found MD5: /usr/bin/md5sum  
-- Configuring done
-- Generating done
-- Build files have been written to: /home/ddyang/torch/build
Scanning dependencies of target minilua
[  3%] Building C object exe/luajit-rocks/luajit-2.1/CMakeFiles/minilua.dir/src/host/minilua.c.o
[  6%] Linking C executable minilua
[  6%] Built target minilua
[ 10%] Generating buildvm_arch.h
Scanning dependencies of target buildvm
[ 13%] Building C object exe/luajit-rocks/luajit-2.1/CMakeFiles/buildvm.dir/src/host/buildvm.c.o
[ 16%] Building C object exe/luajit-rocks/luajit-2.1/CMakeFiles/buildvm.dir/src/host/buildvm_asm.c.o
[ 20%] Building C object exe/luajit-rocks/luajit-2.1/CMakeFiles/buildvm.dir/src/host/buildvm_peobj.c.o
[ 23%] Building C object exe/luajit-rocks/luajit-2.1/CMakeFiles/buildvm.dir/src/host/buildvm_lib.c.o
[ 26%] Building C object exe/luajit-rocks/luajit-2.1/CMakeFiles/buildvm.dir/src/host/buildvm_fold.c.o
[ 30%] Linking C executable buildvm
[ 30%] Built target buildvm
[ 33%] Generating vmdef.lua
[ 36%] Generating lj_vm.S
[ 40%] Generating lj_ffdef.h
[ 43%] Generating lj_bcdef.h
[ 46%] Generating lj_libdef.h
[ 50%] Generating lj_recdef.h
[ 53%] Generating lj_folddef.h
Scanning dependencies of target libluajit
[ 56%] Building C object exe/luajit-rocks/luajit-2.1/CMakeFiles/libluajit.dir/src/ljamalg.c.o
exe/luajit-rocks/luajit-2.1/CMakeFiles/libluajit.dir/build.make:146: recipe for target 'exe/luajit-rocks/luajit-2.1/CMakeFiles/libluajit.dir/src/ljamalg.c.o' failed
CMakeFiles/Makefile2:167: recipe for target 'exe/luajit-rocks/luajit-2.1/CMakeFiles/libluajit.dir/all' failed
Makefile:127: recipe for target 'all' failed
-- Found readline library
-- LuaJIT Target: x64
-- LuaJIT target x64
-- Configuring done
-- Generating done
-- Build files have been written to: /home/ddyang/torch/build
[  6%] Built target minilua
[ 30%] Built target buildvm
[ 33%] Building C object exe/luajit-rocks/luajit-2.1/CMakeFiles/libluajit.dir/src/ljamalg.c.o
[ 36%] Building ASM object exe/luajit-rocks/luajit-2.1/CMakeFiles/libluajit.dir/lj_vm.S.o
[ 40%] Linking C shared library libluajit.so
[ 63%] Built target libluajit
Scanning dependencies of target luajit
[ 66%] Building C object exe/luajit-rocks/luajit-2.1/CMakeFiles/luajit.dir/src/luajit.c.o
[ 70%] Building C object exe/luajit-rocks/luajit-2.1/CMakeFiles/luajit.dir/src/ljamalg.c.o
[ 73%] Building ASM object exe/luajit-rocks/luajit-2.1/CMakeFiles/luajit.dir/lj_vm.S.o
[ 76%] Linking C executable luajit
[100%] Built target luajit
[  6%] Built target minilua
[ 30%] Built target buildvm
[ 63%] Built target libluajit
[100%] Built target luajit
Install the project...
-- Install configuration: "Release"
-- Installing: /home/ddyang/torch/install/include/luaconf.h
-- Installing: /home/ddyang/torch/install/include/lua.h
-- Installing: /home/ddyang/torch/install/include/lauxlib.h
-- Installing: /home/ddyang/torch/install/include/lualib.h
-- Installing: /home/ddyang/torch/install/include/lua.hpp
-- Installing: /home/ddyang/torch/install/include/luajit.h
-- Installing: /home/ddyang/torch/install/lib/libluajit.so
-- Installing: /home/ddyang/torch/install/bin/luajit
-- Installing: /home/ddyang/torch/install/share/lua/5.1/jit/bc.lua
-- Installing: /home/ddyang/torch/install/share/lua/5.1/jit/v.lua
-- Installing: /home/ddyang/torch/install/share/lua/5.1/jit/dump.lua
-- Installing: /home/ddyang/torch/install/share/lua/5.1/jit/dis_x86.lua
-- Installing: /home/ddyang/torch/install/share/lua/5.1/jit/dis_x64.lua
-- Installing: /home/ddyang/torch/install/share/lua/5.1/jit/dis_arm.lua
-- Installing: /home/ddyang/torch/install/share/lua/5.1/jit/dis_ppc.lua
-- Installing: /home/ddyang/torch/install/share/lua/5.1/jit/dis_mips.lua
-- Installing: /home/ddyang/torch/install/share/lua/5.1/jit/dis_mipsel.lua
-- Installing: /home/ddyang/torch/install/share/lua/5.1/jit/bcsave.lua
-- Up-to-date: /home/ddyang/torch/install/share/lua/5.1/jit/bc.lua
-- Installing: /home/ddyang/torch/install/share/lua/5.1/jit/p.lua
-- Installing: /home/ddyang/torch/install/share/lua/5.1/jit/zone.lua
-- Installing: /home/ddyang/torch/install/share/lua/5.1/jit/vmdef.lua
-- Installing: /home/ddyang/torch/install/share/lua/5.1/luarocks/fs.lua
-- Installing: /home/ddyang/torch/install/share/lua/5.1/luarocks/make_manifest.lua
-- Installing: /home/ddyang/torch/install/share/lua/5.1/luarocks/build/cmake.lua
-- Installing: /home/ddyang/torch/install/share/lua/5.1/luarocks/build/builtin.lua
-- Installing: /home/ddyang/torch/install/share/lua/5.1/luarocks/build/make.lua
-- Installing: /home/ddyang/torch/install/share/lua/5.1/luarocks/build/command.lua
-- Installing: /home/ddyang/torch/install/share/lua/5.1/luarocks/pack.lua
-- Installing: /home/ddyang/torch/install/share/lua/5.1/luarocks/dir.lua
-- Installing: /home/ddyang/torch/install/share/lua/5.1/luarocks/install.lua
-- Installing: /home/ddyang/torch/install/share/lua/5.1/luarocks/new_version.lua
-- Installing: /home/ddyang/torch/install/share/lua/5.1/luarocks/loader.lua
-- Installing: /home/ddyang/torch/install/share/lua/5.1/luarocks/help.lua
-- Installing: /home/ddyang/torch/install/share/lua/5.1/luarocks/show.lua
-- Installing: /home/ddyang/torch/install/share/lua/5.1/luarocks/doc.lua
-- Installing: /home/ddyang/torch/install/share/lua/5.1/luarocks/add.lua
-- Installing: /home/ddyang/torch/install/share/lua/5.1/luarocks/fetch.lua
-- Installing: /home/ddyang/torch/install/share/lua/5.1/luarocks/path_cmd.lua
-- Installing: /home/ddyang/torch/install/share/lua/5.1/luarocks/list.lua
-- Installing: /home/ddyang/torch/install/share/lua/5.1/luarocks/upload.lua
-- Installing: /home/ddyang/torch/install/share/lua/5.1/luarocks/require.lua
-- Installing: /home/ddyang/torch/install/share/lua/5.1/luarocks/tools/tar.lua
-- Installing: /home/ddyang/torch/install/share/lua/5.1/luarocks/tools/zip.lua
-- Installing: /home/ddyang/torch/install/share/lua/5.1/luarocks/tools/patch.lua
-- Installing: /home/ddyang/torch/install/share/lua/5.1/luarocks/repos.lua
-- Installing: /home/ddyang/torch/install/share/lua/5.1/luarocks/manif.lua
-- Installing: /home/ddyang/torch/install/share/lua/5.1/luarocks/upload/multipart.lua
-- Installing: /home/ddyang/torch/install/share/lua/5.1/luarocks/upload/api.lua
-- Installing: /home/ddyang/torch/install/share/lua/5.1/luarocks/search.lua
-- Installing: /home/ddyang/torch/install/share/lua/5.1/luarocks/download.lua
-- Installing: /home/ddyang/torch/install/share/lua/5.1/luarocks/deps.lua
-- Installing: /home/ddyang/torch/install/share/lua/5.1/luarocks/config_cmd.lua
-- Installing: /home/ddyang/torch/install/share/lua/5.1/luarocks/cache.lua
-- Installing: /home/ddyang/torch/install/share/lua/5.1/luarocks/lint.lua
-- Installing: /home/ddyang/torch/install/share/lua/5.1/luarocks/admin_remove.lua
-- Installing: /home/ddyang/torch/install/share/lua/5.1/luarocks/validate.lua
-- Installing: /home/ddyang/torch/install/share/lua/5.1/luarocks/refresh_cache.lua
-- Installing: /home/ddyang/torch/install/share/lua/5.1/luarocks/index.lua
-- Installing: /home/ddyang/torch/install/share/lua/5.1/luarocks/remove.lua
-- Installing: /home/ddyang/torch/install/share/lua/5.1/luarocks/util.lua
-- Installing: /home/ddyang/torch/install/share/lua/5.1/luarocks/type_check.lua
-- Installing: /home/ddyang/torch/install/share/lua/5.1/luarocks/fs/unix/tools.lua
-- Installing: /home/ddyang/torch/install/share/lua/5.1/luarocks/fs/lua.lua
-- Installing: /home/ddyang/torch/install/share/lua/5.1/luarocks/fs/win32/tools.lua
-- Installing: /home/ddyang/torch/install/share/lua/5.1/luarocks/fs/win32.lua
-- Installing: /home/ddyang/torch/install/share/lua/5.1/luarocks/fs/unix.lua
-- Installing: /home/ddyang/torch/install/share/lua/5.1/luarocks/make.lua
-- Installing: /home/ddyang/torch/install/share/lua/5.1/luarocks/write_rockspec.lua
-- Installing: /home/ddyang/torch/install/share/lua/5.1/luarocks/purge.lua
-- Installing: /home/ddyang/torch/install/share/lua/5.1/luarocks/manif_core.lua
-- Installing: /home/ddyang/torch/install/share/lua/5.1/luarocks/path.lua
-- Installing: /home/ddyang/torch/install/share/lua/5.1/luarocks/command_line.lua
-- Installing: /home/ddyang/torch/install/share/lua/5.1/luarocks/fetch/svn.lua
-- Installing: /home/ddyang/torch/install/share/lua/5.1/luarocks/fetch/git.lua
-- Installing: /home/ddyang/torch/install/share/lua/5.1/luarocks/fetch/hg.lua
-- Installing: /home/ddyang/torch/install/share/lua/5.1/luarocks/fetch/git_https.lua
-- Installing: /home/ddyang/torch/install/share/lua/5.1/luarocks/fetch/hg_ssh.lua
-- Installing: /home/ddyang/torch/install/share/lua/5.1/luarocks/fetch/cvs.lua
-- Installing: /home/ddyang/torch/install/share/lua/5.1/luarocks/fetch/hg_https.lua
-- Installing: /home/ddyang/torch/install/share/lua/5.1/luarocks/fetch/sscm.lua
-- Installing: /home/ddyang/torch/install/share/lua/5.1/luarocks/fetch/hg_http.lua
-- Installing: /home/ddyang/torch/install/share/lua/5.1/luarocks/fetch/git_file.lua
-- Installing: /home/ddyang/torch/install/share/lua/5.1/luarocks/fetch/git_http.lua
-- Installing: /home/ddyang/torch/install/share/lua/5.1/luarocks/persist.lua
-- Installing: /home/ddyang/torch/install/share/lua/5.1/luarocks/build.lua
-- Installing: /home/ddyang/torch/install/share/lua/5.1/luarocks/unpack.lua
-- Installing: /home/ddyang/torch/install/share/lua/5.1/luarocks/cfg.lua
-- Installing: /home/ddyang/torch/install/share/lua/5.1/luarocks/site_config.lua
-- Installing: /home/ddyang/torch/install/etc/luarocks/config.lua
-- Installing: /home/ddyang/torch/install/bin/luarocks
-- Installing: /home/ddyang/torch/install/bin/luarocks-admin
-- Found readline library
-- LuaJIT Target: x64
-- LuaJIT target x64
-- Configuring done
-- Generating done
-- Build files have been written to: /home/ddyang/torch/build
[  6%] Built target minilua
[ 30%] Built target buildvm
[ 63%] Built target libluajit
[100%] Built target luajit
[  6%] Built target minilua
[ 30%] Built target buildvm
[ 63%] Built target libluajit
[100%] Built target luajit
Install the project...
-- Install configuration: "Release"
-- Up-to-date: /home/ddyang/torch/install/include/luaconf.h
-- Up-to-date: /home/ddyang/torch/install/include/lua.h
-- Up-to-date: /home/ddyang/torch/install/include/lauxlib.h
-- Up-to-date: /home/ddyang/torch/install/include/lualib.h
-- Up-to-date: /home/ddyang/torch/install/include/lua.hpp
-- Up-to-date: /home/ddyang/torch/install/include/luajit.h
-- Up-to-date: /home/ddyang/torch/install/lib/libluajit.so
-- Up-to-date: /home/ddyang/torch/install/bin/luajit
-- Up-to-date: /home/ddyang/torch/install/share/lua/5.1/jit/bc.lua
-- Up-to-date: /home/ddyang/torch/install/share/lua/5.1/jit/v.lua
-- Up-to-date: /home/ddyang/torch/install/share/lua/5.1/jit/dump.lua
-- Up-to-date: /home/ddyang/torch/install/share/lua/5.1/jit/dis_x86.lua
-- Up-to-date: /home/ddyang/torch/install/share/lua/5.1/jit/dis_x64.lua
-- Up-to-date: /home/ddyang/torch/install/share/lua/5.1/jit/dis_arm.lua
-- Up-to-date: /home/ddyang/torch/install/share/lua/5.1/jit/dis_ppc.lua
-- Up-to-date: /home/ddyang/torch/install/share/lua/5.1/jit/dis_mips.lua
-- Up-to-date: /home/ddyang/torch/install/share/lua/5.1/jit/dis_mipsel.lua
-- Up-to-date: /home/ddyang/torch/install/share/lua/5.1/jit/bcsave.lua
-- Up-to-date: /home/ddyang/torch/install/share/lua/5.1/jit/bc.lua
-- Up-to-date: /home/ddyang/torch/install/share/lua/5.1/jit/p.lua
-- Up-to-date: /home/ddyang/torch/install/share/lua/5.1/jit/zone.lua
-- Up-to-date: /home/ddyang/torch/install/share/lua/5.1/jit/vmdef.lua
-- Up-to-date: /home/ddyang/torch/install/share/lua/5.1/luarocks/fs.lua
-- Up-to-date: /home/ddyang/torch/install/share/lua/5.1/luarocks/make_manifest.lua
-- Up-to-date: /home/ddyang/torch/install/share/lua/5.1/luarocks/build/cmake.lua
-- Up-to-date: /home/ddyang/torch/install/share/lua/5.1/luarocks/build/builtin.lua
-- Up-to-date: /home/ddyang/torch/install/share/lua/5.1/luarocks/build/make.lua
-- Up-to-date: /home/ddyang/torch/install/share/lua/5.1/luarocks/build/command.lua
-- Up-to-date: /home/ddyang/torch/install/share/lua/5.1/luarocks/pack.lua
-- Up-to-date: /home/ddyang/torch/install/share/lua/5.1/luarocks/dir.lua
-- Up-to-date: /home/ddyang/torch/install/share/lua/5.1/luarocks/install.lua
-- Up-to-date: /home/ddyang/torch/install/share/lua/5.1/luarocks/new_version.lua
-- Up-to-date: /home/ddyang/torch/install/share/lua/5.1/luarocks/loader.lua
-- Up-to-date: /home/ddyang/torch/install/share/lua/5.1/luarocks/help.lua
-- Up-to-date: /home/ddyang/torch/install/share/lua/5.1/luarocks/show.lua
-- Up-to-date: /home/ddyang/torch/install/share/lua/5.1/luarocks/doc.lua
-- Up-to-date: /home/ddyang/torch/install/share/lua/5.1/luarocks/add.lua
-- Up-to-date: /home/ddyang/torch/install/share/lua/5.1/luarocks/fetch.lua
-- Up-to-date: /home/ddyang/torch/install/share/lua/5.1/luarocks/path_cmd.lua
-- Up-to-date: /home/ddyang/torch/install/share/lua/5.1/luarocks/list.lua
-- Up-to-date: /home/ddyang/torch/install/share/lua/5.1/luarocks/upload.lua
-- Up-to-date: /home/ddyang/torch/install/share/lua/5.1/luarocks/require.lua
-- Up-to-date: /home/ddyang/torch/install/share/lua/5.1/luarocks/tools/tar.lua
-- Up-to-date: /home/ddyang/torch/install/share/lua/5.1/luarocks/tools/zip.lua
-- Up-to-date: /home/ddyang/torch/install/share/lua/5.1/luarocks/tools/patch.lua
-- Up-to-date: /home/ddyang/torch/install/share/lua/5.1/luarocks/repos.lua
-- Up-to-date: /home/ddyang/torch/install/share/lua/5.1/luarocks/manif.lua
-- Up-to-date: /home/ddyang/torch/install/share/lua/5.1/luarocks/upload/multipart.lua
-- Up-to-date: /home/ddyang/torch/install/share/lua/5.1/luarocks/upload/api.lua
-- Up-to-date: /home/ddyang/torch/install/share/lua/5.1/luarocks/search.lua
-- Up-to-date: /home/ddyang/torch/install/share/lua/5.1/luarocks/download.lua
-- Up-to-date: /home/ddyang/torch/install/share/lua/5.1/luarocks/deps.lua
-- Up-to-date: /home/ddyang/torch/install/share/lua/5.1/luarocks/config_cmd.lua
-- Up-to-date: /home/ddyang/torch/install/share/lua/5.1/luarocks/cache.lua
-- Up-to-date: /home/ddyang/torch/install/share/lua/5.1/luarocks/lint.lua
-- Up-to-date: /home/ddyang/torch/install/share/lua/5.1/luarocks/admin_remove.lua
-- Up-to-date: /home/ddyang/torch/install/share/lua/5.1/luarocks/validate.lua
-- Up-to-date: /home/ddyang/torch/install/share/lua/5.1/luarocks/refresh_cache.lua
-- Up-to-date: /home/ddyang/torch/install/share/lua/5.1/luarocks/index.lua
-- Up-to-date: /home/ddyang/torch/install/share/lua/5.1/luarocks/remove.lua
-- Up-to-date: /home/ddyang/torch/install/share/lua/5.1/luarocks/util.lua
-- Up-to-date: /home/ddyang/torch/install/share/lua/5.1/luarocks/type_check.lua
-- Up-to-date: /home/ddyang/torch/install/share/lua/5.1/luarocks/fs/unix/tools.lua
-- Up-to-date: /home/ddyang/torch/install/share/lua/5.1/luarocks/fs/lua.lua
-- Up-to-date: /home/ddyang/torch/install/share/lua/5.1/luarocks/fs/win32/tools.lua
-- Up-to-date: /home/ddyang/torch/install/share/lua/5.1/luarocks/fs/win32.lua
-- Up-to-date: /home/ddyang/torch/install/share/lua/5.1/luarocks/fs/unix.lua
-- Up-to-date: /home/ddyang/torch/install/share/lua/5.1/luarocks/make.lua
-- Up-to-date: /home/ddyang/torch/install/share/lua/5.1/luarocks/write_rockspec.lua
-- Up-to-date: /home/ddyang/torch/install/share/lua/5.1/luarocks/purge.lua
-- Up-to-date: /home/ddyang/torch/install/share/lua/5.1/luarocks/manif_core.lua
-- Up-to-date: /home/ddyang/torch/install/share/lua/5.1/luarocks/path.lua
-- Up-to-date: /home/ddyang/torch/install/share/lua/5.1/luarocks/command_line.lua
-- Up-to-date: /home/ddyang/torch/install/share/lua/5.1/luarocks/fetch/svn.lua
-- Up-to-date: /home/ddyang/torch/install/share/lua/5.1/luarocks/fetch/git.lua
-- Up-to-date: /home/ddyang/torch/install/share/lua/5.1/luarocks/fetch/hg.lua
-- Up-to-date: /home/ddyang/torch/install/share/lua/5.1/luarocks/fetch/git_https.lua
-- Up-to-date: /home/ddyang/torch/install/share/lua/5.1/luarocks/fetch/hg_ssh.lua
-- Up-to-date: /home/ddyang/torch/install/share/lua/5.1/luarocks/fetch/cvs.lua
-- Up-to-date: /home/ddyang/torch/install/share/lua/5.1/luarocks/fetch/hg_https.lua
-- Up-to-date: /home/ddyang/torch/install/share/lua/5.1/luarocks/fetch/sscm.lua
-- Up-to-date: /home/ddyang/torch/install/share/lua/5.1/luarocks/fetch/hg_http.lua
-- Up-to-date: /home/ddyang/torch/install/share/lua/5.1/luarocks/fetch/git_file.lua
-- Up-to-date: /home/ddyang/torch/install/share/lua/5.1/luarocks/fetch/git_http.lua
-- Up-to-date: /home/ddyang/torch/install/share/lua/5.1/luarocks/persist.lua
-- Up-to-date: /home/ddyang/torch/install/share/lua/5.1/luarocks/build.lua
-- Up-to-date: /home/ddyang/torch/install/share/lua/5.1/luarocks/unpack.lua
-- Up-to-date: /home/ddyang/torch/install/share/lua/5.1/luarocks/cfg.lua
-- Up-to-date: /home/ddyang/torch/install/share/lua/5.1/luarocks/site_config.lua
-- Up-to-date: /home/ddyang/torch/install/etc/luarocks/config.lua
-- Up-to-date: /home/ddyang/torch/install/bin/luarocks
-- Up-to-date: /home/ddyang/torch/install/bin/luarocks-admin
